2021-03-25 11:02:26|ERROR|Login.UserLogin|PDOException: Table 'dj_sdwanyue_com.cmf_uses' doesn't exist in D:\My_project\dj.sdwanyue.com\PhalApi\PhalApi\NotORM\NotORM\Result.php:258
Stack trace:
#0 D:\My_project\dj.sdwanyue.com\PhalApi\PhalApi\NotORM\NotORM\Result.php(409): NotORM_Result->query('UPDATE cmf_uses...', Array)
#1 D:\My_project\dj.sdwanyue.com\PhalApi\Common\functions.php(473): NotORM_Result->update(Array)
#2 D:\My_project\dj.sdwanyue.com\PhalApi\Appapi\Api\Login.php(122): handleUserScoreDay('19', 1)
#3 D:\My_project\dj.sdwanyue.com\PhalApi\PhalApi\PhalApi.php(57): Api_Login->userLogin()
#4 D:\My_project\dj.sdwanyue.com\public\appapi\index.php(15): PhalApi->response()
#5 {main}
2021-03-25 11:03:02|ERROR|Login.UserLogin|PDOException: Table 'dj_sdwanyue_com.cmf_uses' doesn't exist in D:\My_project\dj.sdwanyue.com\PhalApi\PhalApi\NotORM\NotORM\Result.php:258
Stack trace:
#0 D:\My_project\dj.sdwanyue.com\PhalApi\PhalApi\NotORM\NotORM\Result.php(409): NotORM_Result->query('UPDATE cmf_uses...', Array)
#1 D:\My_project\dj.sdwanyue.com\PhalApi\Common\functions.php(473): NotORM_Result->update(Array)
#2 D:\My_project\dj.sdwanyue.com\PhalApi\Appapi\Api\Login.php(122): handleUserScoreDay('19', 1)
#3 D:\My_project\dj.sdwanyue.com\PhalApi\PhalApi\PhalApi.php(57): Api_Login->userLogin()
#4 D:\My_project\dj.sdwanyue.com\public\appapi\index.php(15): PhalApi->response()
#5 {main}
2021-03-25 11:03:58|ERROR|Login.UserLogin|PDOException: Table 'dj_sdwanyue_com.cmf_uses' doesn't exist in D:\My_project\dj.sdwanyue.com\PhalApi\PhalApi\NotORM\NotORM\Result.php:258
Stack trace:
#0 D:\My_project\dj.sdwanyue.com\PhalApi\PhalApi\NotORM\NotORM\Result.php(409): NotORM_Result->query('UPDATE cmf_uses...', Array)
#1 D:\My_project\dj.sdwanyue.com\PhalApi\Common\functions.php(473): NotORM_Result->update(Array)
#2 D:\My_project\dj.sdwanyue.com\PhalApi\Appapi\Api\Login.php(122): handleUserScoreDay('19', 1)
#3 D:\My_project\dj.sdwanyue.com\PhalApi\PhalApi\PhalApi.php(57): Api_Login->userLogin()
#4 D:\My_project\dj.sdwanyue.com\public\appapi\index.php(15): PhalApi->response()
#5 {main}
2021-03-25 11:04:25|ERROR|Login.UserLogin|PDOException: Table 'dj_sdwanyue_com.cmf_uses' doesn't exist in D:\My_project\dj.sdwanyue.com\PhalApi\PhalApi\NotORM\NotORM\Result.php:258
Stack trace:
#0 D:\My_project\dj.sdwanyue.com\PhalApi\PhalApi\NotORM\NotORM\Result.php(409): NotORM_Result->query('UPDATE cmf_uses...', Array)
#1 D:\My_project\dj.sdwanyue.com\PhalApi\Common\functions.php(473): NotORM_Result->update(Array)
#2 D:\My_project\dj.sdwanyue.com\PhalApi\Appapi\Api\Login.php(122): handleUserScoreDay('19', 1)
#3 D:\My_project\dj.sdwanyue.com\PhalApi\PhalApi\PhalApi.php(57): Api_Login->userLogin()
#4 D:\My_project\dj.sdwanyue.com\public\appapi\index.php(15): PhalApi->response()
#5 {main}
2021-03-25 11:05:00|ERROR|Login.UserLogin|PDOException: Table 'dj_sdwanyue_com.cmf_uses' doesn't exist in D:\My_project\dj.sdwanyue.com\PhalApi\PhalApi\NotORM\NotORM\Result.php:258
Stack trace:
#0 D:\My_project\dj.sdwanyue.com\PhalApi\PhalApi\NotORM\NotORM\Result.php(409): NotORM_Result->query('UPDATE cmf_uses...', Array)
#1 D:\My_project\dj.sdwanyue.com\PhalApi\Common\functions.php(473): NotORM_Result->update(Array)
#2 D:\My_project\dj.sdwanyue.com\PhalApi\Appapi\Api\Login.php(122): handleUserScoreDay('19', 1)
#3 D:\My_project\dj.sdwanyue.com\PhalApi\PhalApi\PhalApi.php(57): Api_Login->userLogin()
#4 D:\My_project\dj.sdwanyue.com\public\appapi\index.php(15): PhalApi->response()
#5 {main}
2021-03-25 11:05:44|ERROR|Login.UserLogin|PDOException: Table 'dj_sdwanyue_com.cmf_uses' doesn't exist in D:\My_project\dj.sdwanyue.com\PhalApi\PhalApi\NotORM\NotORM\Result.php:258
Stack trace:
#0 D:\My_project\dj.sdwanyue.com\PhalApi\PhalApi\NotORM\NotORM\Result.php(409): NotORM_Result->query('UPDATE cmf_uses...', Array)
#1 D:\My_project\dj.sdwanyue.com\PhalApi\Common\functions.php(473): NotORM_Result->update(Array)
#2 D:\My_project\dj.sdwanyue.com\PhalApi\Appapi\Api\Login.php(122): handleUserScoreDay('19', 1)
#3 D:\My_project\dj.sdwanyue.com\PhalApi\PhalApi\PhalApi.php(57): Api_Login->userLogin()
#4 D:\My_project\dj.sdwanyue.com\public\appapi\index.php(15): PhalApi->response()
#5 {main}
2021-03-25 11:05:48|ERROR|Login.UserLogin|PDOException: Table 'dj_sdwanyue_com.cmf_uses' doesn't exist in D:\My_project\dj.sdwanyue.com\PhalApi\PhalApi\NotORM\NotORM\Result.php:258
Stack trace:
#0 D:\My_project\dj.sdwanyue.com\PhalApi\PhalApi\NotORM\NotORM\Result.php(409): NotORM_Result->query('UPDATE cmf_uses...', Array)
#1 D:\My_project\dj.sdwanyue.com\PhalApi\Common\functions.php(473): NotORM_Result->update(Array)
#2 D:\My_project\dj.sdwanyue.com\PhalApi\Appapi\Api\Login.php(122): handleUserScoreDay('19', 1)
#3 D:\My_project\dj.sdwanyue.com\PhalApi\PhalApi\PhalApi.php(57): Api_Login->userLogin()
#4 D:\My_project\dj.sdwanyue.com\public\appapi\index.php(15): PhalApi->response()
#5 {main}
2021-03-25 11:06:47|ERROR|Login.UserLogin|PDOException: Table 'dj_sdwanyue_com.cmf_uses' doesn't exist in D:\My_project\dj.sdwanyue.com\PhalApi\PhalApi\NotORM\NotORM\Result.php:258
Stack trace:
#0 D:\My_project\dj.sdwanyue.com\PhalApi\PhalApi\NotORM\NotORM\Result.php(409): NotORM_Result->query('UPDATE cmf_uses...', Array)
#1 D:\My_project\dj.sdwanyue.com\PhalApi\Common\functions.php(473): NotORM_Result->update(Array)
#2 D:\My_project\dj.sdwanyue.com\PhalApi\Appapi\Api\Login.php(122): handleUserScoreDay('19', 1)
#3 D:\My_project\dj.sdwanyue.com\PhalApi\PhalApi\PhalApi.php(57): Api_Login->userLogin()
#4 D:\My_project\dj.sdwanyue.com\public\appapi\index.php(15): PhalApi->response()
#5 {main}
2021-03-25 11:07:36|ERROR|Login.UserLogin|PDOException: Table 'dj_sdwanyue_com.cmf_uses' doesn't exist in D:\My_project\dj.sdwanyue.com\PhalApi\PhalApi\NotORM\NotORM\Result.php:258
Stack trace:
#0 D:\My_project\dj.sdwanyue.com\PhalApi\PhalApi\NotORM\NotORM\Result.php(409): NotORM_Result->query('UPDATE cmf_uses...', Array)
#1 D:\My_project\dj.sdwanyue.com\PhalApi\Common\functions.php(473): NotORM_Result->update(Array)
#2 D:\My_project\dj.sdwanyue.com\PhalApi\Appapi\Api\Login.php(122): handleUserScoreDay('19', 1)
#3 D:\My_project\dj.sdwanyue.com\PhalApi\PhalApi\PhalApi.php(57): Api_Login->userLogin()
#4 D:\My_project\dj.sdwanyue.com\public\appapi\index.php(15): PhalApi->response()
#5 {main}
